Arguments: 
  C:\Program Files\nodejs\node.exe C:\Program Files (x86)\Yarn\bin\yarn.js add bcript

PATH: 
  C:\Program Files (x86)\Common Files\Oracle\Java\javapath;C:\Python27\;C:\Python27\Scripts;C:\Windows\system32;C:\Windows;C:\Windows\System32\Wbem;C:\Windows\System32\WindowsPowerShell\v1.0\;C:\Windows\System32\OpenSSH\;C:\Program Files\Git\cmd;C:\Program Files (x86)\ATI Technologies\ATI.ACE\Core-Static;C:\Program Files (x86)\Yarn\bin\;C:\Program Files\PostgreSQL\12\bin;C:\Program Files\PostgreSQL\12\lib;C:\ProgramData\chocolatey\bin;C:\Program Files\nodejs\;C:\Program Files\Amazon\AWSCLIV2\;C:\Users\Mohammed Al-Reai\AppData\Local\Microsoft\WindowsApps;;C:\Users\Mohammed Al-Reai\AppData\Local\Programs\Microsoft VS Code\bin;C:\Users\Mohammed Al-Reai\AppData\Local\Yarn\bin;C:\ProgramData\Mohammed Al-Reai\hyper\app-3.0.2\resources\bin;C:\Users\Mohammed Al-Reai\AppData\Local\hyper\app-3.0.2\resources\bin;C:\Users\Mohammed Al-Reai\AppData\Roaming\npm

Yarn version: 
  1.22.4

Node version: 
  14.5.0

Platform: 
  win32 x64

Trace: 
  Error: https://registry.yarnpkg.com/bcript: Not found
      at Request.params.callback [as _callback] (C:\Program Files (x86)\Yarn\lib\cli.js:66096:18)
      at Request.self.callback (C:\Program Files (x86)\Yarn\lib\cli.js:140748:22)
      at Request.emit (events.js:314:20)
      at Request.<anonymous> (C:\Program Files (x86)\Yarn\lib\cli.js:141720:10)
      at Request.emit (events.js:314:20)
      at IncomingMessage.<anonymous> (C:\Program Files (x86)\Yarn\lib\cli.js:141642:12)
      at Object.onceWrapper (events.js:420:28)
      at IncomingMessage.emit (events.js:326:22)
      at endReadableNT (_stream_readable.js:1226:12)
      at processTicksAndRejections (internal/process/task_queues.js:80:21)

npm manifest: 
  {
    "dependencies": {
      "class-validator": "^0.12.2",
      "reflect-metadata": "^0.1.13"
    }
  }

yarn manifest: 
  No manifest

Lockfile: 
  # THIS IS AN AUTOGENERATED FILE. DO NOT EDIT THIS FILE DIRECTLY.
  # yarn lockfile v1
  
  
  "@types/validator@13.0.0":
    version "13.0.0"
    resolved "https://registry.yarnpkg.com/@types/validator/-/validator-13.0.0.tgz#365f1bf936aeaddd0856fc41aa1d6f82d88ee5b3"
    integrity sha512-WAy5txG7aFX8Vw3sloEKp5p/t/Xt8jD3GRD9DacnFv6Vo8ubudAsRTXgxpQwU0mpzY/H8U4db3roDuCMjShBmw==
  
  class-validator@^0.12.2:
    version "0.12.2"
    resolved "https://registry.yarnpkg.com/class-validator/-/class-validator-0.12.2.tgz#2ceb72f88873e9c714cf5f9c278cbc71f6f6c8ef"
    integrity sha512-TDzPzp8BmpsbPhQpccB3jMUE/3pK0TyqamrK0kcx+ZeFytMA+O6q87JZZGObHHnoo9GM8vl/JppIyKWeEA/EVw==
    dependencies:
      "@types/validator" "13.0.0"
      google-libphonenumber "^3.2.8"
      tslib ">=1.9.0"
      validator "13.0.0"
  
  google-libphonenumber@^3.2.8:
    version "3.2.13"
    resolved "https://registry.yarnpkg.com/google-libphonenumber/-/google-libphonenumber-3.2.13.tgz#8f41f2ce1739d40e2b9ebccc75dca95474cdf0b5"
    integrity sha512-USnpjJkD8St+wyshy154lF74JeauNCd8vrcusSlWjSFWitXzl7ZSuCunA/XxeVLqBv6DShrSfFMYdwGZ7x4hOw==
  
  reflect-metadata@^0.1.13:
    version "0.1.13"
    resolved "https://registry.yarnpkg.com/reflect-metadata/-/reflect-metadata-0.1.13.tgz#67ae3ca57c972a2aa1642b10fe363fe32d49dc08"
    integrity sha512-Ts1Y/anZELhSsjMcU605fU9RE4Oi3p5ORujwbIKXfWa+0Zxs510Qrmrce5/Jowq3cHSZSJqBjypxmHarc+vEWg==
  
  tslib@>=1.9.0:
    version "2.0.1"
    resolved "https://registry.yarnpkg.com/tslib/-/tslib-2.0.1.tgz#410eb0d113e5b6356490eec749603725b021b43e"
    integrity sha512-SgIkNheinmEBgx1IUNirK0TUD4X9yjjBRTqqjggWCU3pUEqIk3/Uwl3yRixYKT6WjQuGiwDv4NomL3wqRCj+CQ==
  
  validator@13.0.0:
    version "13.0.0"
    resolved "https://registry.yarnpkg.com/validator/-/validator-13.0.0.tgz#0fb6c6bb5218ea23d368a8347e6d0f5a70e3bcab"
    integrity sha512-anYx5fURbgF04lQV18nEQWZ/3wHGnxiKdG4aL8J+jEDsm98n/sU/bey+tYk6tnGJzm7ioh5FoqrAiQ6m03IgaA==
